[INIT] Using bot: /Users/kuzzz/NOGO2026/.duel_build/v2_bot.out
[INIT] Opponent: 6a02c4f1fad6c36646932067
[INIT] Game: NoGo


==== Round 1 (01:59:20) ====
[CREATE] HTTP 500: <!doctype html>
<html>
<head>
	<meta charset="utf-8" />
	<meta name="viewport" content="width=device
[FETCH] error: The read operation timed out
[FETCH] error: The read operation timed out
[FETCH] error: The read operation timed out
[FETCH] error: The read operation timed out
[FETCH] error: The read operation timed out
[FETCH] error: The read operation timed out
[FETCH] error: The read operation timed out
[FETCH] error: The read operation timed out
[FETCH] error: The read operation timed out
[FETCH] error: The read operation timed out
[FETCH] error: The read operation timed out
[FETCH] error: The read operation timed out
[FETCH] error: The read operation timed out
[FETCH] error: The read operation timed out
[FETCH] error: The read operation timed out
[FETCH] error: The read operation timed out
[FETCH] error: The read operation timed out
[FETCH] error: The read operation timed out
[FETCH] error: The read operation timed out
[FETCH] error: The read operation timed out
[FETCH] error: The read operation timed out
[FETCH] error: The read operation timed out
[FETCH] error: The read operation timed out
[FETCH] error: The read operation timed out
[FETCH] error: The read operation timed out
[FETCH] error: The read operation timed out
[FETCH] error: The read operation timed out
[FETCH] error: The read operation timed out
[FETCH] error: The read operation timed out
[FETCH] error: The read operation timed out
[STATS] 0W-0L-0D | errors=0 | total=0
[LOG] ============================================================
[LOG] 详细日志: tail -f /Users/kuzzz/NOGO2026/botzone_auto.log
[LOG] ============================================================

==== Round 2 (02:25:31) ====
[CREATE] HTTP 500: <!doctype html>
<html>
<head>
	<meta charset="utf-8" />
	<meta name="viewport" content="width=device
[FETCH] error: The read operation timed out
[FETCH] error: The read operation timed out
[FETCH] error: The read operation timed out
[FETCH] error: The read operation timed out
[FETCH] error: The read operation timed out
[FETCH] error: The read operation timed out
[FETCH] error: The read operation timed out
[FETCH] error: The read operation timed out
[FETCH] error: The read operation timed out
[FETCH] error: The read operation timed out
[FETCH] error: The read operation timed out
[FETCH] error: The read operation timed out
[FETCH] error: The read operation timed out
[FETCH] error: HTTP Error 504: Gateway Time-out
[FETCH] error: The read operation timed out
[FETCH] error: The read operation timed out
[FETCH] error: The read operation timed out
[FETCH] error: The read operation timed out
[FETCH] error: The read operation timed out
[FETCH] error: The read operation timed out
[FETCH] error: The read operation timed out
[FETCH] error: The read operation timed out
[FETCH] error: The read operation timed out
[FETCH] error: The read operation timed out
[FETCH] error: The read operation timed out
[FETCH] error: The read operation timed out
[FETCH] error: The read operation timed out
[FETCH] error: The read operation timed out
[FETCH] error: The read operation timed out
[FETCH] error: The read operation timed out
[STATS] 0W-0L-0D | errors=0 | total=0
[LOG] ============================================================
[LOG] 详细日志: tail -f /Users/kuzzz/NOGO2026/botzone_auto.log
[LOG] ============================================================

==== Round 3 (02:39:08) ====
[CREATE] HTTP 500: <!doctype html>
<html>
<head>
	<meta charset="utf-8" />
	<meta name="viewport" content="width=device
[FETCH] error: The read operation timed out
[FETCH] error: The read operation timed out
[FETCH] error: The read operation timed out
[FETCH] error: The read operation timed out
[FETCH] error: The read operation timed out
[FETCH] error: The read operation timed out
[FETCH] error: The read operation timed out
[FETCH] error: The read operation timed out
[FETCH] error: The read operation timed out
[FETCH] error: The read operation timed out
[FETCH] error: The read operation timed out
[FETCH] error: The read operation timed out
[FETCH] error: The read operation timed out
[FETCH] error: The read operation timed out
[FETCH] error: The read operation timed out
[FETCH] error: The read operation timed out
[FETCH] error: The read operation timed out
[FETCH] error: The read operation timed out
[FETCH] error: The read operation timed out
[FETCH] error: The read operation timed out
[FETCH] error: The read operation timed out
[FETCH] error: The read operation timed out
[FETCH] error: The read operation timed out
[FETCH] error: The read operation timed out
[FETCH] error: The read operation timed out
[FETCH] error: The read operation timed out
[FETCH] error: The read operation timed out
[FETCH] error: The read operation timed out
[FETCH] error: The read operation timed out
[FETCH] error: The read operation timed out
[STATS] 0W-0L-0D | errors=0 | total=0
[LOG] ============================================================
[LOG] 详细日志: tail -f /Users/kuzzz/NOGO2026/botzone_auto.log
[LOG] ============================================================

==== Round 4 (02:48:09) ====
[CREATE] HTTP 500: <!doctype html>
<html>
<head>
	<meta charset="utf-8" />
	<meta name="viewport" content="width=device
[FETCH] error: The read operation timed out
[FETCH] error: The read operation timed out
[FETCH] error: The read operation timed out
[FETCH] error: The read operation timed out
[FETCH] error: The read operation timed out
[FETCH] error: The read operation timed out
[FETCH] error: The read operation timed out
[FETCH] error: The read operation timed out
[FETCH] error: The read operation timed out
[FETCH] error: The read operation timed out
[FETCH] error: The read operation timed out
[FETCH] error: The read operation timed out
[FETCH] error: The read operation timed out
[FETCH] error: The read operation timed out
[FETCH] error: The read operation timed out
[FETCH] error: The read operation timed out
[FETCH] error: The read operation timed out
[FETCH] error: The read operation timed out
[FETCH] error: The read operation timed out
[FETCH] error: The read operation timed out
[FETCH] error: The read operation timed out
[FETCH] error: The read operation timed out
[FETCH] error: The read operation timed out
[FETCH] error: The read operation timed out
[FETCH] error: The read operation timed out
[FETCH] error: The read operation timed out
[FETCH] error: The read operation timed out
[FETCH] error: The read operation timed out
[FETCH] error: The read operation timed out
[FETCH] error: The read operation timed out
[STATS] 0W-0L-0D | errors=0 | total=0
[LOG] ============================================================
[LOG] 详细日志: tail -f /Users/kuzzz/NOGO2026/botzone_auto.log
[LOG] ============================================================

==== Round 5 (02:59:30) ====
[CREATE] HTTP 500: <!doctype html>
<html>
<head>
	<meta charset="utf-8" />
	<meta name="viewport" content="width=device
[FETCH] error: The read operation timed out
[FETCH] error: The read operation timed out
[FETCH] error: The read operation timed out
[FETCH] error: The read operation timed out
[FETCH] error: The read operation timed out
[FETCH] error: The read operation timed out
[FETCH] error: The read operation timed out
[FETCH] error: The read operation timed out
[FETCH] error: The read operation timed out
[FETCH] error: The read operation timed out
[FETCH] error: The read operation timed out
[FETCH] error: The read operation timed out
[FETCH] error: The read operation timed out
[FETCH] error: The read operation timed out
[FETCH] error: The read operation timed out
[FETCH] error: The read operation timed out
[FETCH] error: The read operation timed out
[FETCH] error: The read operation timed out
[FETCH] error: The read operation timed out
[FETCH] error: The read operation timed out
[FETCH] error: The read operation timed out
[FETCH] error: The read operation timed out
[FETCH] error: The read operation timed out
[FETCH] error: The read operation timed out
[FETCH] error: The read operation timed out
[FETCH] error: The read operation timed out
[FETCH] error: The read operation timed out
[FETCH] error: The read operation timed out
[FETCH] error: The read operation timed out
[FETCH] error: The read operation timed out
[STATS] 0W-0L-0D | errors=0 | total=0
[LOG] ============================================================
[LOG] 详细日志: tail -f /Users/kuzzz/NOGO2026/botzone_auto.log
[LOG] ============================================================

==== Round 6 (03:06:30) ====
[CREATE] HTTP 500: <!doctype html>
<html>
<head>
	<meta charset="utf-8" />
	<meta name="viewport" content="width=device
[FETCH] error: The read operation timed out
[FETCH] error: The read operation timed out
[FETCH] error: The read operation timed out
[FETCH] error: The read operation timed out
[FETCH] error: The read operation timed out
[FETCH] error: The read operation timed out
[FETCH] error: The read operation timed out
[FETCH] error: The read operation timed out
[FETCH] error: The read operation timed out
[FETCH] error: The read operation timed out
[FETCH] error: The read operation timed out
[FETCH] error: The read operation timed out
[FETCH] error: The read operation timed out
[FETCH] error: The read operation timed out
[FETCH] error: The read operation timed out
[FETCH] error: The read operation timed out
[FETCH] error: The read operation timed out
[FETCH] error: The read operation timed out
[FETCH] error: The read operation timed out
[FETCH] error: The read operation timed out
[FETCH] error: The read operation timed out
[FETCH] error: The read operation timed out
[FETCH] error: The read operation timed out
[FETCH] error: The read operation timed out
[FETCH] error: The read operation timed out
[FETCH] error: The read operation timed out
[FETCH] error: The read operation timed out
[FETCH] error: The read operation timed out
[FETCH] error: The read operation timed out
[FETCH] error: The read operation timed out
[STATS] 0W-0L-0D | errors=0 | total=0
[LOG] ============================================================
[LOG] 详细日志: tail -f /Users/kuzzz/NOGO2026/botzone_auto.log
[LOG] ============================================================

==== Round 7 (03:58:58) ====
[CREATE] HTTP 500: <!doctype html>
<html>
<head>
	<meta charset="utf-8" />
	<meta name="viewport" content="width=device
[FETCH] error: The read operation timed out
[FETCH] error: The read operation timed out
[FETCH] error: The read operation timed out
[FETCH] error: The read operation timed out
[FETCH] error: The read operation timed out
[FETCH] error: The read operation timed out
[FETCH] error: The read operation timed out
[FETCH] error: The read operation timed out
[FETCH] error: The read operation timed out
[FETCH] error: The read operation timed out
[FETCH] error: The read operation timed out
[FETCH] error: The read operation timed out
[FETCH] error: The read operation timed out
[FETCH] error: The read operation timed out
[FETCH] error: The read operation timed out
[FETCH] error: The read operation timed out
[FETCH] error: The read operation timed out
[FETCH] error: The read operation timed out
[FETCH] error: The read operation timed out
[FETCH] error: The read operation timed out
[FETCH] error: The read operation timed out
[FETCH] error: The read operation timed out
[FETCH] error: The read operation timed out
[FETCH] error: The read operation timed out
[FETCH] error: The read operation timed out
[FETCH] error: The read operation timed out
[FETCH] error: The read operation timed out
[FETCH] error: The read operation timed out
[FETCH] error: The read operation timed out
[FETCH] error: The read operation timed out
[STATS] 0W-0L-0D | errors=0 | total=0
[LOG] ============================================================
[LOG] 详细日志: tail -f /Users/kuzzz/NOGO2026/botzone_auto.log
[LOG] ============================================================

==== Round 8 (05:33:05) ====
[CREATE] HTTP 500: <!doctype html>
<html>
<head>
	<meta charset="utf-8" />
	<meta name="viewport" content="width=device
[FETCH] error: The read operation timed out
[FETCH] error: The read operation timed out
[FETCH] error: The read operation timed out
[FETCH] error: The read operation timed out
[FETCH] error: The read operation timed out
[FETCH] error: The read operation timed out
[FETCH] error: The read operation timed out
[FETCH] error: The read operation timed out
[FETCH] error: The read operation timed out
[FETCH] error: The read operation timed out
[FETCH] error: The read operation timed out
[FETCH] error: The read operation timed out
[FETCH] error: The read operation timed out
[FETCH] error: The read operation timed out
[FETCH] error: The read operation timed out
[FETCH] error: The read operation timed out
[FETCH] error: The read operation timed out
[FETCH] error: The read operation timed out
[FETCH] error: The read operation timed out
[FETCH] error: The read operation timed out
[FETCH] error: The read operation timed out
[FETCH] error: The read operation timed out
[FETCH] error: The read operation timed out
[FETCH] error: The read operation timed out
[FETCH] error: The read operation timed out
[FETCH] error: The read operation timed out
[FETCH] error: The read operation timed out
[FETCH] error: The read operation timed out
[FETCH] error: The read operation timed out
[FETCH] error: The read operation timed out
[STATS] 0W-0L-0D | errors=0 | total=0
[LOG] ============================================================
[LOG] 详细日志: tail -f /Users/kuzzz/NOGO2026/botzone_auto.log
[LOG] ============================================================

==== Round 9 (07:22:46) ====
[CREATE] HTTP 500: <!doctype html>
<html>
<head>
	<meta charset="utf-8" />
	<meta name="viewport" content="width=device
[FETCH] error: The read operation timed out
[FETCH] error: The read operation timed out
[FETCH] error: The read operation timed out
[FETCH] error: The read operation timed out
[FETCH] error: The read operation timed out
[FETCH] error: The read operation timed out
[FETCH] error: The read operation timed out
[FETCH] error: The read operation timed out
[FETCH] error: The read operation timed out
[FETCH] error: The read operation timed out
[FETCH] error: The read operation timed out
[FETCH] error: The read operation timed out
[FETCH] error: The read operation timed out
[FETCH] error: The read operation timed out
[FETCH] error: The read operation timed out
[FETCH] error: The read operation timed out
[FETCH] error: The read operation timed out
[FETCH] error: The read operation timed out
[FETCH] error: The read operation timed out
[FETCH] error: The read operation timed out
[FETCH] error: The read operation timed out
[FETCH] error: The read operation timed out
[FETCH] error: The read operation timed out
[FETCH] error: The read operation timed out
[FETCH] error: The read operation timed out
[FETCH] error: The read operation timed out
[FETCH] error: The read operation timed out
[FETCH] error: The read operation timed out
[FETCH] error: The read operation timed out
[FETCH] error: The read operation timed out
[STATS] 0W-0L-0D | errors=0 | total=0
[LOG] ============================================================
[LOG] 详细日志: tail -f /Users/kuzzz/NOGO2026/botzone_auto.log
[LOG] ============================================================

==== Round 10 (08:55:41) ====
[CREATE] HTTP 500: <!doctype html>
<html>
<head>
	<meta charset="utf-8" />
	<meta name="viewport" content="width=device
[FETCH] error: The read operation timed out
[FETCH] error: The read operation timed out
[FETCH] error: The read operation timed out
[FETCH] error: The read operation timed out
[FETCH] error: The read operation timed out
[FETCH] error: The read operation timed out
[FETCH] error: The read operation timed out
[FETCH] error: The read operation timed out
[FETCH] error: The read operation timed out
[FETCH] error: The read operation timed out
[FETCH] error: The read operation timed out
[FETCH] error: The read operation timed out
[FETCH] error: The read operation timed out
[FETCH] error: The read operation timed out
[FETCH] error: The read operation timed out
[FETCH] error: The read operation timed out
[FETCH] error: The read operation timed out
[FETCH] error: The read operation timed out
[FETCH] error: The read operation timed out
[FETCH] error: The read operation timed out
[FETCH] error: The read operation timed out
[FETCH] error: The read operation timed out
[FETCH] error: The read operation timed out
[FETCH] error: The read operation timed out
[FETCH] error: The read operation timed out
[FETCH] error: The read operation timed out
[FETCH] error: The read operation timed out
[FETCH] error: The read operation timed out
[FETCH] error: The read operation timed out
[FETCH] error: The read operation timed out
[STATS] 0W-0L-0D | errors=0 | total=0
[LOG] ============================================================
[LOG] 详细日志: tail -f /Users/kuzzz/NOGO2026/botzone_auto.log
[LOG] ============================================================

==== Round 11 (10:10:02) ====
[CREATE] HTTP 500: <!doctype html>
<html>
<head>
	<meta charset="utf-8" />
	<meta name="viewport" content="width=device
[FETCH] error: The read operation timed out
[FETCH] error: The read operation timed out
[FETCH] error: The read operation timed out
[FETCH] error: The read operation timed out
[FETCH] error: The read operation timed out
[FETCH] error: The read operation timed out
[FETCH] error: The read operation timed out
[FETCH] error: The read operation timed out
[FETCH] error: The read operation timed out
[FETCH] error: The read operation timed out
[FETCH] error: The read operation timed out
[FETCH] error: The read operation timed out
[FETCH] error: The read operation timed out
[FETCH] error: The read operation timed out
[FETCH] error: The read operation timed out
[FETCH] error: The read operation timed out
[FETCH] error: The read operation timed out
[FETCH] error: The read operation timed out
[FETCH] error: The read operation timed out
[FETCH] error: The read operation timed out
[FETCH] error: The read operation timed out
[FETCH] error: The read operation timed out
[FETCH] error: The read operation timed out
[FETCH] error: The read operation timed out
[FETCH] error: The read operation timed out
[FETCH] error: The read operation timed out
[FETCH] error: The read operation timed out
[FETCH] error: The read operation timed out
[FETCH] error: The read operation timed out
[FETCH] error: The read operation timed out
[STATS] 0W-0L-0D | errors=0 | total=0
[LOG] ============================================================
[LOG] 详细日志: tail -f /Users/kuzzz/NOGO2026/botzone_auto.log
[LOG] ============================================================

==== Round 12 (11:11:10) ====
[CREATE] HTTP 500: <!doctype html>
<html>
<head>
	<meta charset="utf-8" />
	<meta name="viewport" content="width=device
[FETCH] error: The read operation timed out
[FETCH] error: The read operation timed out
[FETCH] error: The read operation timed out
[FETCH] error: The read operation timed out
[FETCH] error: The read operation timed out
[FETCH] error: The read operation timed out
[FETCH] error: The read operation timed out
[FETCH] error: The read operation timed out
[FETCH] error: The read operation timed out
[FETCH] error: The read operation timed out
[FETCH] error: The read operation timed out
[FETCH] error: The read operation timed out
[FETCH] error: The read operation timed out
[FETCH] error: The read operation timed out
[FETCH] error: The read operation timed out
[FETCH] error: The read operation timed out
[FETCH] error: The read operation timed out
[FETCH] error: The read operation timed out
[FETCH] error: The read operation timed out
[FETCH] error: The read operation timed out
[FETCH] error: The read operation timed out
[FETCH] error: The read operation timed out
[FETCH] error: The read operation timed out
[FETCH] error: The read operation timed out
[FETCH] error: The read operation timed out
[FETCH] error: The read operation timed out
[FETCH] error: The read operation timed out
[FETCH] error: The read operation timed out
[FETCH] error: The read operation timed out
[FETCH] error: The read operation timed out
[STATS] 0W-0L-0D | errors=0 | total=0
[LOG] ============================================================
[LOG] 详细日志: tail -f /Users/kuzzz/NOGO2026/botzone_auto.log
[LOG] ============================================================

==== Round 13 (12:55:42) ====
[CREATE] HTTP 500: <!doctype html>
<html>
<head>
	<meta charset="utf-8" />
	<meta name="viewport" content="width=device
[FETCH] error: The read operation timed out
[FETCH] error: The read operation timed out
[FETCH] error: The read operation timed out
[FETCH] error: The read operation timed out
[FETCH] error: The read operation timed out
[FETCH] error: The read operation timed out
[FETCH] error: The read operation timed out
[FETCH] error: The read operation timed out
[FETCH] error: The read operation timed out
[FETCH] error: The read operation timed out
[FETCH] error: The read operation timed out
[FETCH] error: The read operation timed out
[FETCH] error: The read operation timed out
[FETCH] error: The read operation timed out
[FETCH] error: The read operation timed out
[FETCH] error: The read operation timed out
[FETCH] error: The read operation timed out
[FETCH] error: The read operation timed out
[FETCH] error: The read operation timed out
[FETCH] error: The read operation timed out
[FETCH] error: The read operation timed out
[FETCH] error: The read operation timed out
[FETCH] error: The read operation timed out
[FETCH] error: The read operation timed out
[FETCH] error: The read operation timed out
[FETCH] error: The read operation timed out
[FETCH] error: The read operation timed out
[FETCH] error: The read operation timed out
[FETCH] error: The read operation timed out
[FETCH] error: The read operation timed out
[STATS] 0W-0L-0D | errors=0 | total=0
[LOG] ============================================================
[LOG] 详细日志: tail -f /Users/kuzzz/NOGO2026/botzone_auto.log
[LOG] ============================================================

==== Round 14 (13:02:56) ====
[CREATE] HTTP 500: <!doctype html>
<html>
<head>
	<meta charset="utf-8" />
	<meta name="viewport" content="width=device
[FETCH] error: The read operation timed out
[FETCH] error: The read operation timed out
[FETCH] error: The read operation timed out
[FETCH] error: The read operation timed out
[FETCH] error: The read operation timed out
[FETCH] error: The read operation timed out
[FETCH] error: The read operation timed out
[FETCH] error: The read operation timed out
[FETCH] error: The read operation timed out
[FETCH] error: The read operation timed out
[FETCH] error: The read operation timed out
[FETCH] error: The read operation timed out
[FETCH] error: The read operation timed out
[FETCH] error: The read operation timed out
[FETCH] error: The read operation timed out
